<?xml version="1.0" encoding="UTF-8"?>
<testsuite xmlns:xsi="http://www.w3.org/2001/XMLSchema-instance" xsi:noNamespaceSchemaLocation="https://maven.apache.org/surefire/maven-surefire-plugin/xsd/surefire-test-report.xsd" version="3.0.2" name="org.neopedia.CompilerTest" time="0.625" tests="2" errors="0" skipped="0" failures="0">
  <properties>
[...]
</properties>
  <testcase name="testCompileToHtml" classname="org.neopedia.CompilerTest" time="0.428"/>
  <testcase name="testCompileAllPreservesStructure(Path)" classname="org.neopedia.CompilerTest" time="0.116">
    <system-err><![CDATA[[main] INFO org.neopedia.Compiler - Compilation finished. Successfully compiled 1 file(s) into C:\Users\jyoti\AppData\Local\Temp\junit3131696329597637371\target
]]></system-err>
  </testcase>
</testsuite>